/*C3*/SET SCHEMA PUBLIC
CREATE TABLE Produto (id INTEGER GENERATED BY DEFAULT AS IDENTITY PRIMARY KEY, nome VARCHAR(255), descricao VARCHAR(255))
INSERT INTO PRODUTO VALUES(1,'Geladeira','Geladeira Brastemp 2 portas')
COMMIT
INSERT INTO PRODUTO VALUES(2,'Ferro de Passar','Ferro de passar com regulagem de temperatura')
COMMIT
/*C4*/SET SCHEMA PUBLIC
DISCONNECT
/*C5*/SET SCHEMA PUBLIC
DISCONNECT
/*C6*/SET SCHEMA PUBLIC
DISCONNECT
/*C7*/SET SCHEMA PUBLIC
DISCONNECT
/*C8*/SET SCHEMA PUBLIC
DISCONNECT
/*C9*/SET SCHEMA PUBLIC
DISCONNECT
/*C10*/SET SCHEMA PUBLIC
DISCONNECT
/*C11*/SET SCHEMA PUBLIC
DISCONNECT
/*C12*/SET SCHEMA PUBLIC
DISCONNECT
/*C13*/SET SCHEMA PUBLIC
DISCONNECT
/*C14*/SET SCHEMA PUBLIC
DISCONNECT
/*C15*/SET SCHEMA PUBLIC
DISCONNECT
/*C16*/SET SCHEMA PUBLIC
DISCONNECT
/*C17*/SET SCHEMA PUBLIC
INSERT INTO PRODUTO VALUES(3,'Notebook','Notebook i5 8gb 128ssd')
COMMIT
DISCONNECT
/*C18*/SET SCHEMA PUBLIC
INSERT INTO PRODUTO VALUES(4,'Notebook','Notebook i5 8gb 128ssd')
COMMIT
DISCONNECT
/*C19*/SET SCHEMA PUBLIC
INSERT INTO PRODUTO VALUES(5,'Notebook','Notebook i5 8gb 128ssd')
COMMIT
DISCONNECT
/*C20*/SET SCHEMA PUBLIC
INSERT INTO PRODUTO VALUES(6,'Notebook','Notebook i5 8gb 128ssd')
COMMIT
DISCONNECT
/*C21*/SET SCHEMA PUBLIC
INSERT INTO PRODUTO VALUES(7,'Notebook','Notebook i5 8gb 128ssd')
COMMIT
DISCONNECT
/*C22*/SET SCHEMA PUBLIC
INSERT INTO PRODUTO VALUES(8,'Notebook','Notebook i5 8gb 128ssd')
COMMIT
DISCONNECT
/*C23*/SET SCHEMA PUBLIC
DELETE FROM PRODUTO WHERE ID=4
DELETE FROM PRODUTO WHERE ID=5
DELETE FROM PRODUTO WHERE ID=6
DELETE FROM PRODUTO WHERE ID=7
DELETE FROM PRODUTO WHERE ID=8
COMMIT
DISCONNECT
/*C24*/SET SCHEMA PUBLIC
DISCONNECT
/*C25*/SET SCHEMA PUBLIC
INSERT INTO PRODUTO VALUES(9,'Nintendo Switch 5.5'');','Console portatil da Nintendo.')
COMMIT
DISCONNECT
/*C26*/SET SCHEMA PUBLIC
INSERT INTO PRODUTO VALUES(10,'Nintendo Switch 5.5'');','Console portatil da Nintendo.')
COMMIT
DISCONNECT
